[17:47:43] [Client thread/INFO]: Setting user: Player237
[17:47:45] [Client thread/INFO]: LWJGL Version: 2.9.4
[17:47:47] [Client thread/INFO]: Reloading ResourceManager: Default, FMLFileResourcePack:Forge Mod Loader, FMLFileResourcePack:Minecraft Forge, FMLFileResourcePack:Enhanced armor
[17:47:49] [Sound Library Loader/INFO]: Starting up SoundSystem...
[17:47:49] [Thread-8/INFO]: Initializing LWJGL OpenAL
[17:47:49] [Thread-8/INFO]: (The LWJGL binding of OpenAL.  For more information, see http://www.lwjgl.org)
[17:47:49] [Thread-8/INFO]: OpenAL initialized.
[17:47:49] [Sound Library Loader/INFO]: Sound engine started
[17:47:51] [Client thread/INFO]: Created: 16x16 textures-atlas
[17:47:52] [Client thread/INFO]: Reloading ResourceManager: Default, FMLFileResourcePack:Forge Mod Loader, FMLFileResourcePack:Minecraft Forge, FMLFileResourcePack:Enhanced armor
[17:47:53] [Client thread/INFO]: SoundSystem shutting down...
[17:47:54] [Client thread/WARN]: Author: Paul Lamb, www.paulscode.com
[17:47:54] [Sound Library Loader/INFO]: Starting up SoundSystem...
[17:47:54] [Thread-10/INFO]: Initializing LWJGL OpenAL
[17:47:54] [Thread-10/INFO]: (The LWJGL binding of OpenAL.  For more information, see http://www.lwjgl.org)
[17:47:54] [Thread-10/INFO]: OpenAL initialized.
[17:47:54] [Sound Library Loader/INFO]: Sound engine started
[17:47:55] [Client thread/INFO]: Created: 1024x512 textures-atlas
[17:47:56] [Realms Notification Availability checker #1/INFO]: Could not authorize you against Realms server: Invalid session id
[17:48:13] [Client thread/INFO]: Stopping!
[17:48:13] [Client thread/INFO]: SoundSystem shutting down...
[17:48:13] [Client thread/WARN]: Author: Paul Lamb, www.paulscode.com
